#
# A fatal error has been detected by the Java Runtime Environment:
#
#  SIGSEGV (0xb) at pc=0x00007f14106fd1f8, pid=4389, tid=139724420495104
#
# JRE version: 7.0_147-b147
# Java VM: OpenJDK 64-Bit Server VM (21.0-b17 mixed mode linux-amd64 compressed oops)
# Derivative: IcedTea7 2.0
# Distribution: Ubuntu 11.10, package 7~b147-2.0-0ubuntu0.11.10.1
# Problematic frame:
# C  [liblcms2.so.2+0x121f8]  cmsSaveProfileToIOhandler+0x38
#
# Failed to write core dump. Core dumps have been disabled. To enable core dumping, try "ulimit -c unlimited" before starting Java again
#
# If you would like to submit a bug report, please include
# instructions on how to reproduce the bug and visit:
#   https://bugs.launchpad.net/ubuntu/+source/openjdk-7/
# The crash happened outside the Java Virtual Machine in native code.
# See problematic frame for where to report the bug.
#

---------------  T H R E A D  ---------------

Current thread (0x0000000000bac800):  JavaThread "main" [_thread_in_native, id=4394, stack(0x00007f1420633000,0x00007f1420734000)]

siginfo:si_signo=SIGSEGV: si_errno=0, si_code=1 (SEGV_MAPERR), si_addr=0x0000000000000000

Registers:
RAX=0x0000000000000000, RBX=0x0000000000000000, RCX=0x00000000000001d4, RDX=0x00007f1420731a0c
RSP=0x00007f1420730ae0, RBP=0x0000000000000000, RSI=0x0000000000000000, RDI=0x00007f1420730ae0
R8 =0x0000000000fa0910, R9 =0x00007f14200b3c47, R10=0x00007f141a4e8557, R11=0x00007f14200e7b70
R12=0x00007f1420731a0c, R13=0x0000000000000000, R14=0x0000000000000000, R15=0x0000000000bac800
RIP=0x00007f14106fd1f8, EFLAGS=0x0000000000010246, CSGSFS=0x0000000000000033, ERR=0x0000000000000004
  TRAPNO=0x000000000000000e

Top of Stack: (sp=0x00007f1420730ae0)
0x00007f1420730ae0:   0000000000fa2a40 00007f14106fbcef
0x00007f1420730af0:   00000000000007c8 00007f142031e1c0
0x00007f1420730b00:   0000000000000008 0000000000000014
0x00007f1420730b10:   00007f1400000000 00007f142031e1c0
0x00007f1420730b20:   0000000000000008 00007f1410702754
0x00007f1420730b30:   00007f1420730fa4 e8a25161408b5800
0x00007f1420730b40:   0000000000fa2a40 0000000000fa1634
0x00007f1420730b50:   0000000000000008 00007f14106fbebf
0x00007f1420730b60:   0000000000000000 0000000000000000
0x00007f1420730b70:   0000000000fa0760 2dd3000000000100
0x00007f1420730b80:   0000001400000d38 00007f142031e1c0
0x00007f1420730b90:   0000000000000000 0000000000fa2b90
0x00007f1420730ba0:   00000000000007c8 0000000000fa14a8
0x00007f1420730bb0:   0000000000000009 00007f14200009cc
0x00007f1420730bc0:   0000000000fa2b90 00007f14106fbe2c
0x00007f1420730bd0:   0000000000fa1270 00007f14106fd3ae
0x00007f1420730be0:   0000000000fa2120 0000000000000000
0x00007f1420730bf0:   0000000700000000 000000020000000a
0x00007f1420730c00:   0000006bb7dffd70 ffffffffffffffff
0x00007f1420730c10:   00000000b7dffd70 0000000000000000
0x00007f1420730c20:   00007f14200e0409 6d6e747202400000
0x00007f1420730c30:   58595a2052474220 00000000000000b0
0x00007f1420730c40:   0000000000000000 0000000000000000
0x00007f1420730c50:   f645a4ada5346d9c 6d120c51b0986d14
0x00007f1420730c60:   6370727400000009 00007f142031e1c0
0x00007f1420730c70:   0000000000f945d0 000000000000007c
0x00007f1420730c80:   00007f14207311a0 00007f1420731460
0x00007f1420730c90:   00007f142054a87b 00007f14200003cd
0x00007f1420730ca0:   0000000000000000 000000000000003f
0x00007f1420730cb0:   0000000000f945d0 0000000000000000
0x00007f1420730cc0:   0000000000fa08dd 00007f142053e811
0x00007f1420730cd0:   0000000000000000 0000000000000000 

Instructions: (pc=0x00007f14106fd1f8)
0x00007f14106fd1d8:   48 89 de 48 81 ec b8 0e 00 00 64 48 8b 04 25 28
0x00007f14106fd1e8:   00 00 00 48 89 84 24 a8 0e 00 00 31 c0 48 89 e7
0x00007f14106fd1f8:   f3 48 a5 48 89 df e8 1d f6 ff ff 48 89 c7 e8 65
0x00007f14106fd208:   f0 ff ff 48 85 c0 49 89 c4 48 89 03 74 0e 31 f6 

Register to memory mapping:

RAX=0x0000000000000000 is an unknown value
RBX=0x0000000000000000 is an unknown value
RCX=0x00000000000001d4 is an unknown value
RDX=0x00007f1420731a0c is pointing into the stack for thread: 0x0000000000bac800
RSP=0x00007f1420730ae0 is pointing into the stack for thread: 0x0000000000bac800
RBP=0x0000000000000000 is an unknown value
RSI=0x0000000000000000 is an unknown value
RDI=0x00007f1420730ae0 is pointing into the stack for thread: 0x0000000000bac800
R8 =0x0000000000fa0910 is an unknown value
R9 =0x00007f14200b3c47: <offset 0x131c47> in /lib/x86_64-linux-gnu/libc.so.6 at 0x00007f141ff82000
R10=0x00007f141a4e8557 is an Interpreter codelet
method entry point (kind = native_synchronized)  [0x00007f141a4e8180, 0x00007f141a4e8b40]  2496 bytes
R11=0x00007f14200e7b70: <offset 0x165b70> in /lib/x86_64-linux-gnu/libc.so.6 at 0x00007f141ff82000
R12=0x00007f1420731a0c is pointing into the stack for thread: 0x0000000000bac800
R13=0x0000000000000000 is an unknown value
R14=0x0000000000000000 is an unknown value
R15=0x0000000000bac800 is a thread


Stack: [0x00007f1420633000,0x00007f1420734000],  sp=0x00007f1420730ae0,  free space=1014k
Native frames: (J=compiled Java code, j=interpreted, Vv=VM code, C=native code)
C  [liblcms2.so.2+0x121f8]  cmsSaveProfileToIOhandler+0x38

[error occurred during error reporting (printing native stack), id 0xb]

Java frames: (J=compiled Java code, j=interpreted, Vv=VM code)
j  sun.java2d.cmm.lcms.LCMS.getTagData(JI[B)V+0
j  java.awt.color.ICC_Profile.getData(JI)[B+26
j  java.awt.color.ICC_Profile.getData(I)[B+14
j  java.awt.color.ICC_Profile.getNumComponents()I+18
j  sun.java2d.cmm.lcms.LCMSTransform.<init>(Ljava/awt/color/ICC_Profile;II)V+83
j  sun.java2d.cmm.lcms.LCMS.createTransform(Ljava/awt/color/ICC_Profile;II)Lsun/java2d/cmm/ColorTransform;+7
j  java.awt.color.ICC_ColorSpace.fromRGB([F)[F+37
j  com.sun.imageio.plugins.jpeg.JPEGImageReader.setImageData(IIIII[B)V+158
v  ~StubRoutines::call_stub
j  com.sun.imageio.plugins.jpeg.JPEGImageReader.readImageHeader(JZZ)Z+0
j  com.sun.imageio.plugins.jpeg.JPEGImageReader.readNativeHeader(Z)Z+12
j  com.sun.imageio.plugins.jpeg.JPEGImageReader.checkTablesOnly()V+92
j  com.sun.imageio.plugins.jpeg.JPEGImageReader.gotoImage(I)V+41
j  com.sun.imageio.plugins.jpeg.JPEGImageReader.readHeader(IZ)V+2
j  com.sun.imageio.plugins.jpeg.JPEGImageReader.readInternal(ILjavax/imageio/ImageReadParam;Z)Ljava/awt/image/Raster;+3
j  com.sun.imageio.plugins.jpeg.JPEGImageReader.read(ILjavax/imageio/ImageReadParam;)Ljava/awt/image/BufferedImage;+8
j  javax.imageio.ImageIO.read(Ljavax/imageio/stream/ImageInputStream;)Ljava/awt/image/BufferedImage;+55
j  javax.imageio.ImageIO.read(Ljava/io/File;)Ljava/awt/image/BufferedImage;+51
j  yggdrasil.vue.Plateau.afficherAcceuil()V+36
j  yggdrasil.Yggdrasil.main([Ljava/lang/String;)V+9
v  ~StubRoutines::call_stub

---------------  P R O C E S S  ---------------

Java Threads: ( => current thread )
  0x0000000000f19000 JavaThread "process reaper" daemon [_thread_blocked, id=4408, stack(0x00007f1410f6a000,0x00007f1410f84000)]
  0x0000000000ef0000 JavaThread "AWT-XAWT" daemon [_thread_in_native, id=4406, stack(0x00007f1410f84000,0x00007f1411085000)]
  0x0000000000eaa800 JavaThread "Java2D Disposer" daemon [_thread_blocked, id=4405, stack(0x00007f1411085000,0x00007f1411186000)]
  0x0000000000cae800 JavaThread "Service Thread" daemon [_thread_blocked, id=4403, stack(0x00007f1418fe9000,0x00007f14190ea000)]
  0x0000000000cab800 JavaThread "C2 CompilerThread1" daemon [_thread_blocked, id=4402, stack(0x00007f14190ea000,0x00007f14191eb000)]
  0x0000000000ca8800 JavaThread "C2 CompilerThread0" daemon [_thread_blocked, id=4401, stack(0x00007f14191eb000,0x00007f14192ec000)]
  0x0000000000ca6800 JavaThread "Signal Dispatcher" daemon [_thread_blocked, id=4400, stack(0x00007f14192ec000,0x00007f14193ed000)]
  0x0000000000c4a000 JavaThread "Finalizer" daemon [_thread_blocked, id=4399, stack(0x00007f14196aa000,0x00007f14197ab000)]
  0x0000000000c47800 JavaThread "Reference Handler" daemon [_thread_blocked, id=4398, stack(0x00007f14197ab000,0x00007f14198ac000)]
=>0x0000000000bac800 JavaThread "main" [_thread_in_native, id=4394, stack(0x00007f1420633000,0x00007f1420734000)]

Other Threads:
  0x0000000000c3f800 VMThread [stack: 0x00007f14198ac000,0x00007f14199ad000] [id=4397]
  0x0000000000cb9800 WatcherThread [stack: 0x00007f1418ee8000,0x00007f1418fe9000] [id=4404]

VM state:not at safepoint (normal execution)

VM Mutex/Monitor currently owned by a thread: None

Heap
 PSYoungGen      total 18496K, used 2557K [0x00000000eb560000, 0x00000000eca00000, 0x0000000100000000)
  eden space 15872K, 16% used [0x00000000eb560000,0x00000000eb7df798,0x00000000ec4e0000)
  from space 2624K, 0% used [0x00000000ec770000,0x00000000ec770000,0x00000000eca00000)
  to   space 2624K, 0% used [0x00000000ec4e0000,0x00000000ec4e0000,0x00000000ec770000)
 PSOldGen        total 42304K, used 0K [0x00000000c2000000, 0x00000000c4950000, 0x00000000eb560000)
  object space 42304K, 0% used [0x00000000c2000000,0x00000000c2000000,0x00000000c4950000)
 PSPermGen       total 21248K, used 7887K [0x00000000b7a00000, 0x00000000b8ec0000, 0x00000000c2000000)
  object space 21248K, 37% used [0x00000000b7a00000,0x00000000b81b3ee0,0x00000000b8ec0000)

Code Cache  [0x00007f141a4d6000, 0x00007f141a746000, 0x00007f141d4d6000)
 total_blobs=344 nmethods=3 adapters=294 free_code_cache=48682Kb largest_free_block=49849856

Dynamic libraries:
00400000-00401000 r-xp 00000000 07:00 861302                             /usr/lib/jvm/java-7-openjdk-amd64/jre/bin/java
00600000-00601000 r--p 00000000 07:00 861302                             /usr/lib/jvm/java-7-openjdk-amd64/jre/bin/java
00601000-00602000 rw-p 00001000 07:00 861302                             /usr/lib/jvm/java-7-openjdk-amd64/jre/bin/java
00ba2000-00faf000 rw-p 00000000 00:00 0                                  [heap]
b7a00000-b8ec0000 rw-p 00000000 00:00 0 
b8ec0000-c2000000 rw-p 00000000 00:00 0 
c2000000-c4950000 rw-p 00000000 00:00 0 
c4950000-eb560000 rw-p 00000000 00:00 0 
eb560000-eca00000 rw-p 00000000 00:00 0 
eca00000-100000000 rw-p 00000000 00:00 0 
7f14106eb000-7f1410731000 r-xp 00000000 07:00 70229                      /usr/lib/x86_64-linux-gnu/liblcms2.so.2.0.2
7f1410731000-7f1410930000 ---p 00046000 07:00 70229                      /usr/lib/x86_64-linux-gnu/liblcms2.so.2.0.2
7f1410930000-7f1410931000 r--p 00045000 07:00 70229                      /usr/lib/x86_64-linux-gnu/liblcms2.so.2.0.2
7f1410931000-7f1410935000 rw-p 00046000 07:00 70229                      /usr/lib/x86_64-linux-gnu/liblcms2.so.2.0.2
7f1410935000-7f1410936000 rw-p 00000000 00:00 0 
7f1410936000-7f141093a000 r-xp 00000000 07:00 861339                     /usr/lib/jvm/java-7-openjdk-amd64/jre/lib/amd64/libjavalcms.so
7f141093a000-7f1410b39000 ---p 00004000 07:00 861339                     /usr/lib/jvm/java-7-openjdk-amd64/jre/lib/amd64/libjavalcms.so
7f1410b39000-7f1410b3a000 r--p 00003000 07:00 861339                     /usr/lib/jvm/java-7-openjdk-amd64/jre/lib/amd64/libjavalcms.so
7f1410b3a000-7f1410b3b000 rw-p 00004000 07:00 861339                     /usr/lib/jvm/java-7-openjdk-amd64/jre/lib/amd64/libjavalcms.so
7f1410b3b000-7f1410b5f000 r-xp 00000000 07:00 70372                      /usr/lib/x86_64-linux-gnu/libjpeg.so.62.0.0
7f1410b5f000-7f1410d5e000 ---p 00024000 07:00 70372                      /usr/lib/x86_64-linux-gnu/libjpeg.so.62.0.0
7f1410d5e000-7f1410d5f000 r--p 00023000 07:00 70372                      /usr/lib/x86_64-linux-gnu/libjpeg.so.62.0.0
7f1410d5f000-7f1410d60000 rw-p 00024000 07:00 70372                      /usr/lib/x86_64-linux-gnu/libjpeg.so.62.0.0
7f1410d60000-7f1410d69000 r-xp 00000000 07:00 861320                     /usr/lib/jvm/java-7-openjdk-amd64/jre/lib/amd64/libjavajpeg.so
7f1410d69000-7f1410f68000 ---p 00009000 07:00 861320                     /usr/lib/jvm/java-7-openjdk-amd64/jre/lib/amd64/libjavajpeg.so
7f1410f68000-7f1410f69000 r--p 00008000 07:00 861320                     /usr/lib/jvm/java-7-openjdk-amd64/jre/lib/amd64/libjavajpeg.so
7f1410f69000-7f1410f6a000 rw-p 00009000 07:00 861320                     /usr/lib/jvm/java-7-openjdk-amd64/jre/lib/amd64/libjavajpeg.so
7f1410f6a000-7f1410f6d000 ---p 00000000 00:00 0 
7f1410f6d000-7f1410f84000 rw-p 00000000 00:00 0 
7f1410f84000-7f1410f87000 ---p 00000000 00:00 0 
7f1410f87000-7f1411085000 rw-p 00000000 00:00 0 
7f1411085000-7f1411088000 ---p 00000000 00:00 0 
7f1411088000-7f1411186000 rw-p 00000000 00:00 0 
7f1411186000-7f14111a9000 r--p 00000000 07:00 287999                     /usr/share/locale-langpack/fr/LC_MESSAGES/libc.mo
7f14111a9000-7f14111ac000 r-xp 00000000 07:00 2144                       /lib/x86_64-linux-gnu/libgpg-error.so.0.8.0
7f14111ac000-7f14113ab000 ---p 00003000 07:00 2144                       /lib/x86_64-linux-gnu/libgpg-error.so.0.8.0
7f14113ab000-7f14113ac000 r--p 00002000 07:00 2144                       /lib/x86_64-linux-gnu/libgpg-error.so.0.8.0
7f14113ac000-7f14113ad000 rw-p 00003000 07:00 2144                       /lib/x86_64-linux-gnu/libgpg-error.so.0.8.0
7f14113ad000-7f14113af000 r-xp 00000000 07:00 2182                       /lib/x86_64-linux-gnu/libkeyutils.so.1.3
7f14113af000-7f14115ae000 ---p 00002000 07:00 2182                       /lib/x86_64-linux-gnu/libkeyutils.so.1.3
7f14115ae000-7f14115af000 r--p 00001000 07:00 2182                       /lib/x86_64-linux-gnu/libkeyutils.so.1.3
7f14115af000-7f14115b0000 rw-p 00002000 07:00 2182                       /lib/x86_64-linux-gnu/libkeyutils.so.1.3
7f14115b0000-7f14115f2000 r-xp 00000000 07:00 2110                       /lib/x86_64-linux-gnu/libdbus-1.so.3.5.7
7f14115f2000-7f14117f1000 ---p 00042000 07:00 2110                       /lib/x86_64-linux-gnu/libdbus-1.so.3.5.7
7f14117f1000-7f14117f2000 r--p 00041000 07:00 2110                       /lib/x86_64-linux-gnu/libdbus-1.so.3.5.7
7f14117f2000-7f14117f3000 rw-p 00042000 07:00 2110                       /lib/x86_64-linux-gnu/libdbus-1.so.3.5.7
7f14117f3000-7f141186d000 r-xp 00000000 07:00 2099                       /lib/x86_64-linux-gnu/libgcrypt.so.11.7.0
7f141186d000-7f1411a6d000 ---p 0007a000 07:00 2099                       /lib/x86_64-linux-gnu/libgcrypt.so.11.7.0
7f1411a6d000-7f1411a6e000 r--p 0007a000 07:00 2099                       /lib/x86_64-linux-gnu/libgcrypt.so.11.7.0
7f1411a6e000-7f1411a71000 rw-p 0007b000 07:00 2099                       /lib/x86_64-linux-gnu/libgcrypt.so.11.7.0
7f1411a71000-7f1411a81000 r-xp 00000000 07:00 70303                      /usr/lib/x86_64-linux-gnu/libtasn1.so.3.1.11
7f1411a81000-7f1411c80000 ---p 00010000 07:00 70303                      /usr/lib/x86_64-linux-gnu/libtasn1.so.3.1.11
7f1411c80000-7f1411c81000 r--p 0000f000 07:00 70303                      /usr/lib/x86_64-linux-gnu/libtasn1.so.3.1.11
7f1411c81000-7f1411c82000 rw-p 00010000 07:00 70303                      /usr/lib/x86_64-linux-gnu/libtasn1.so.3.1.11
7f1411c82000-7f1411c89000 r-xp 00000000 07:00 3145735                    /usr/lib/x86_64-linux-gnu/libkrb5support.so.0.1
7f1411c89000-7f1411e88000 ---p 00007000 07:00 3145735                    /usr/lib/x86_64-linux-gnu/libkrb5support.so.0.1
7f1411e88000-7f1411e89000 r--p 00006000 07:00 3145735                    /usr/lib/x86_64-linux-gnu/libkrb5support.so.0.1
7f1411e89000-7f1411e8a000 rw-p 00007000 07:00 3145735                    /usr/lib/x86_64-linux-gnu/libkrb5support.so.0.1
7f1411e8a000-7f1411e8d000 r-xp 00000000 07:00 2115                       /lib/x86_64-linux-gnu/libcom_err.so.2.1
7f1411e8d000-7f141208c000 ---p 00003000 07:00 2115                       /lib/x86_64-linux-gnu/libcom_err.so.2.1
7f141208c000-7f141208d000 r--p 00002000 07:00 2115                       /lib/x86_64-linux-gnu/libcom_err.so.2.1
7f141208d000-7f141208e000 rw-p 00003000 07:00 2115                       /lib/x86_64-linux-gnu/libcom_err.so.2.1
7f141208e000-7f14120b4000 r-xp 00000000 07:00 3145729                    /usr/lib/x86_64-linux-gnu/libk5crypto.so.3.1
7f14120b4000-7f14122b3000 ---p 00026000 07:00 3145729                    /usr/lib/x86_64-linux-gnu/libk5crypto.so.3.1
7f14122b3000-7f14122b5000 r--p 00025000 07:00 3145729                    /usr/lib/x86_64-linux-gnu/libk5crypto.so.3.1
7f14122b5000-7f14122b6000 rw-p 00027000 07:00 3145729                    /usr/lib/x86_64-linux-gnu/libk5crypto.so.3.1
7f14122b6000-7f1412375000 r-xp 00000000 07:00 3145733                    /usr/lib/x86_64-linux-gnu/libkrb5.so.3.3
7f1412375000-7f1412575000 ---p 000bf000 07:00 3145733                    /usr/lib/x86_64-linux-gnu/libkrb5.so.3.3
7f1412575000-7f141257e000 r--p 000bf000 07:00 3145733                    /usr/lib/x86_64-linux-gnu/libkrb5.so.3.3
7f141257e000-7f141257f000 rw-p 000c8000 07:00 3145733                    /usr/lib/x86_64-linux-gnu/libkrb5.so.3.3
7f141257f000-7f1412586000 r-xp 00000000 07:00 70296                      /usr/lib/x86_64-linux-gnu/libxcb-render.so.0.0.0
7f1412586000-7f1412786000 ---p 00007000 07:00 70296                      /usr/lib/x86_64-linux-gnu/libxcb-render.so.0.0.0
7f1412786000-7f1412787000 r--p 00007000 07:00 70296                      /usr/lib/x86_64-linux-gnu/libxcb-render.so.0.0.0
7f1412787000-7f1412788000 rw-p 00008000 07:00 70296                      /usr/lib/x86_64-linux-gnu/libxcb-render.so.0.0.0
7f1412788000-7f141278a000 r-xp 00000000 07:00 70137                      /usr/lib/x86_64-linux-gnu/libxcb-shm.so.0.0.0
7f141278a000-7f1412989000 ---p 00002000 07:00 70137                      /usr/lib/x86_64-linux-gnu/libxcb-shm.so.0.0.0
7f1412989000-7f141298a000 r--p 00001000 07:00 70137                      /usr/lib/x86_64-linux-gnu/libxcb-shm.so.0.0.0
7f141298a000-7f141298b000 rw-p 00002000 07:00 70137                      /usr/lib/x86_64-linux-gnu/libxcb-shm.so.0.0.0
7f141298b000-7f14129b1000 r-xp 00000000 07:00 2120                       /lib/x86_64-linux-gnu/libpng12.so.0.46.0
7f14129b1000-7f1412bb1000 ---p 00026000 07:00 2120                       /lib/x86_64-linux-gnu/libpng12.so.0.46.0
7f1412bb1000-7f1412bb2000 r--p 00026000 07:00 2120                       /lib/x86_64-linux-gnu/libpng12.so.0.46.0
7f1412bb2000-7f1412bb3000 rw-p 00027000 07:00 2120                       /lib/x86_64-linux-gnu/libpng12.so.0.46.0
7f1412bb3000-7f1412c21000 r-xp 00000000 07:00 70373                      /usr/lib/x86_64-linux-gnu/libpixman-1.so.0.22.2
7f1412c21000-7f1412e21000 ---p 0006e000 07:00 70373                      /usr/lib/x86_64-linux-gnu/libpixman-1.so.0.22.2
7f1412e21000-7f1412e26000 r--p 0006e000 07:00 70373                      /usr/lib/x86_64-linux-gnu/libpixman-1.so.0.22.2
7f1412e26000-7f1412e27000 rw-p 00073000 07:00 70373                      /usr/lib/x86_64-linux-gnu/libpixman-1.so.0.22.2
7f1412e27000-7f1412e2c000 r-xp 00000000 07:00 70309                      /usr/lib/x86_64-linux-gnu/libXdmcp.so.6.0.0
7f1412e2c000-7f141302b000 ---p 00005000 07:00 70309                      /usr/lib/x86_64-linux-gnu/libXdmcp.so.6.0.0
7f141302b000-7f141302c000 r--p 00004000 07:00 70309                      /usr/lib/x86_64-linux-gnu/libXdmcp.so.6.0.0
7f141302c000-7f141302d000 rw-p 00005000 07:00 70309                      /usr/lib/x86_64-linux-gnu/libXdmcp.so.6.0.0
7f141302d000-7f141302f000 r-xp 00000000 07:00 70163                      /usr/lib/x86_64-linux-gnu/libXau.so.6.0.0
7f141302f000-7f141322e000 ---p 00002000 07:00 70163                      /usr/lib/x86_64-linux-gnu/libXau.so.6.0.0
7f141322e000-7f141322f000 r--p 00001000 07:00 70163                      /usr/lib/x86_64-linux-gnu/libXau.so.6.0.0
7f141322f000-7f1413230000 rw-p 00002000 07:00 70163                      /usr/lib/x86_64-linux-gnu/libXau.so.6.0.0
7f1413230000-7f1413241000 r-xp 00000000 07:00 70034                      /usr/lib/x86_64-linux-gnu/libavahi-client.so.3.2.9
7f1413241000-7f1413441000 ---p 00011000 07:00 70034                      /usr/lib/x86_64-linux-gnu/libavahi-client.so.3.2.9
7f1413441000-7f1413442000 r--p 00011000 07:00 70034                      /usr/lib/x86_64-linux-gnu/libavahi-client.so.3.2.9
7f1413442000-7f1413443000 rw-p 00012000 07:00 70034                      /usr/lib/x86_64-linux-gnu/libavahi-client.so.3.2.9
7f1413443000-7f1413450000 r-xp 00000000 07:00 70409                      /usr/lib/x86_64-linux-gnu/libavahi-common.so.3.5.3
7f1413450000-7f141364f000 ---p 0000d000 07:00 70409                      /usr/lib/x86_64-linux-gnu/libavahi-common.so.3.5.3
7f141364f000-7f1413650000 r--p 0000c000 07:00 70409                      /usr/lib/x86_64-linux-gnu/libavahi-common.so.3.5.3
7f1413650000-7f1413651000 rw-p 0000d000 07:00 70409                      /usr/lib/x86_64-linux-gnu/libavahi-common.so.3.5.3
7f1413651000-7f14136f2000 r-xp 00000000 07:00 3145824                    /usr/lib/x86_64-linux-gnu/libgnutls.so.26.16.14
7f14136f2000-7f14138f1000 ---p 000a1000 07:00 3145824                    /usr/lib/x86_64-linux-gnu/libgnutls.so.26.16.14
7f14138f1000-7f14138f8000 r--p 000a0000 07:00 3145824                    /usr/lib/x86_64-linux-gnu/libgnutls.so.26.16.14
7f14138f8000-7f14138f9000 rw-p 000a7000 07:00 3145824                    /usr/lib/x86_64-linux-gnu/libgnutls.so.26.16.14
7f14138f9000-7f1413934000 r-xp 00000000 07:00 3145731                    /usr/lib/x86_64-linux-gnu/libgssapi_krb5.so.2.2
7f1413934000-7f1413b34000 ---p 0003b000 07:00 3145731                    /usr/lib/x86_64-linux-gnu/libgssapi_krb5.so.2.2
7f1413b34000-7f1413b35000 r--p 0003b000 07:00 3145731                    /usr/lib/x86_64-linux-gnu/libgssapi_krb5.so.2.2
7f1413b35000-7f1413b37000 rw-p 0003c000 07:00 3145731                    /usr/lib/x86_64-linux-gnu/libgssapi_krb5.so.2.2
7f1413b37000-7f1413b72000 r-xp 00000000 07:00 2118                       /lib/x86_64-linux-gnu/libpcre.so.3.12.1
7f1413b72000-7f1413d71000 ---p 0003b000 07:00 2118                       /lib/x86_64-linux-gnu/libpcre.so.3.12.1
7f1413d71000-7f1413d72000 r--p 0003a000 07:00 2118                       /lib/x86_64-linux-gnu/libpcre.so.3.12.1
7f1413d72000-7f1413d73000 rw-p 0003b000 07:00 2118                       /lib/x86_64-linux-gnu/libpcre.so.3.12.1
7f1413d73000-7f1413d7a000 r-xp 00000000 07:00 69942                      /usr/lib/x86_64-linux-gnu/libffi.so.6.0.0
7f1413d7a000-7f1413f79000 ---p 00007000 07:00 69942                      /usr/lib/x86_64-linux-gnu/libffi.so.6.0.0
7f1413f79000-7f1413f7a000 r--p 00006000 07:00 69942                      /usr/lib/x86_64-linux-gnu/libffi.so.6.0.0
7f1413f7a000-7f1413f7b000 rw-p 00007000 07:00 69942                      /usr/lib/x86_64-linux-gnu/libffi.so.6.0.0
7f1413f7b000-7f1413fa2000 r-xp 00000000 07:00 2187                       /lib/x86_64-linux-gnu/libexpat.so.1.5.2
7f1413fa2000-7f14141a2000 ---p 00027000 07:00 2187                       /lib/x86_64-linux-gnu/libexpat.so.1.5.2
7f14141a2000-7f14141a4000 r--p 00027000 07:00 2187                       /lib/x86_64-linux-gnu/libexpat.so.1.5.2
7f14141a4000-7f14141a5000 rw-p 00029000 07:00 2187                       /lib/x86_64-linux-gnu/libexpat.so.1.5.2
7f14141a5000-7f1414237000 r-xp 00000000 07:00 3145815                    /usr/lib/x86_64-linux-gnu/libfreetype.so.6.6.2
7f1414237000-7f1414436000 ---p 00092000 07:00 3145815                    /usr/lib/x86_64-linux-gnu/libfreetype.so.6.6.2
7f1414436000-7f141443c000 r--p 00091000 07:00 3145815                    /usr/lib/x86_64-linux-gnu/libfreetype.so.6.6.2
7f141443c000-7f141443d000 rw-p 00097000 07:00 3145815                    /usr/lib/x86_64-linux-gnu/libfreetype.so.6.6.2
7f141443d000-7f1414454000 r-xp 00000000 07:00 2359                       /lib/x86_64-linux-gnu/libresolv-2.13.so
7f1414454000-7f1414654000 ---p 00017000 07:00 2359                       /lib/x86_64-linux-gnu/libresolv-2.13.so
7f1414654000-7f1414655000 r--p 00017000 07:00 2359                       /lib/x86_64-linux-gnu/libresolv-2.13.so
7f1414655000-7f1414656000 rw-p 00018000 07:00 2359                       /lib/x86_64-linux-gnu/libresolv-2.13.so
7f1414656000-7f1414658000 rw-p 00000000 00:00 0 
7f1414658000-7f1414674000 r-xp 00000000 07:00 2165                       /lib/x86_64-linux-gnu/libselinux.so.1
7f1414674000-7f1414873000 ---p 0001c000 07:00 2165                       /lib/x86_64-linux-gnu/libselinux.so.1
7f1414873000-7f1414874000 r--p 0001b000 07:00 2165                       /lib/x86_64-linux-gnu/libselinux.so.1
7f1414874000-7f1414875000 rw-p 0001c000 07:00 2165                       /lib/x86_64-linux-gnu/libselinux.so.1
7f1414875000-7f1414876000 rw-p 00000000 00:00 0 
7f1414876000-7f1414878000 r-xp 00000000 07:00 70284                      /usr/lib/x86_64-linux-gnu/libXdamage.so.1.1.0
7f1414878000-7f1414a77000 ---p 00002000 07:00 70284                      /usr/lib/x86_64-linux-gnu/libXdamage.so.1.1.0
7f1414a77000-7f1414a78000 r--p 00001000 07:00 70284                      /usr/lib/x86_64-linux-gnu/libXdamage.so.1.1.0
7f1414a78000-7f1414a79000 rw-p 00002000 07:00 70284                      /usr/lib/x86_64-linux-gnu/libXdamage.so.1.1.0
7f1414a79000-7f1414a7b000 r-xp 00000000 07:00 70314                      /usr/lib/x86_64-linux-gnu/libXcomposite.so.1.0.0
7f1414a7b000-7f1414c7a000 ---p 00002000 07:00 70314                      /usr/lib/x86_64-linux-gnu/libXcomposite.so.1.0.0
7f1414c7a000-7f1414c7b000 r--p 00001000 07:00 70314                      /usr/lib/x86_64-linux-gnu/libXcomposite.so.1.0.0
7f1414c7b000-7f1414c7c000 rw-p 00002000 07:00 70314                      /usr/lib/x86_64-linux-gnu/libXcomposite.so.1.0.0
7f1414c7c000-7f1414c85000 r-xp 00000000 07:00 70384                      /usr/lib/x86_64-linux-gnu/libXcursor.so.1.0.2
7f1414c85000-7f1414e84000 ---p 00009000 07:00 70384                      /usr/lib/x86_64-linux-gnu/libXcursor.so.1.0.2
7f1414e84000-7f1414e85000 r--p 00008000 07:00 70384                      /usr/lib/x86_64-linux-gnu/libXcursor.so.1.0.2
7f1414e85000-7f1414e86000 rw-p 00009000 07:00 70384                      /usr/lib/x86_64-linux-gnu/libXcursor.so.1.0.2
7f1414e86000-7f1414e8e000 r-xp 00000000 07:00 70112                      /usr/lib/x86_64-linux-gnu/libXrandr.so.2.2.0
7f1414e8e000-7f141508d000 ---p 00008000 07:00 70112                      /usr/lib/x86_64-linux-gnu/libXrandr.so.2.2.0
7f141508d000-7f141508e000 r--p 00007000 07:00 70112                      /usr/lib/x86_64-linux-gnu/libXrandr.so.2.2.0
7f141508e000-7f141508f000 rw-p 00008000 07:00 70112                      /usr/lib/x86_64-linux-gnu/libXrandr.so.2.2.0
7f141508f000-7f1415091000 r-xp 00000000 07:00 70273                      /usr/lib/x86_64-linux-gnu/libXinerama.so.1.0.0
7f1415091000-7f1415290000 ---p 00002000 07:00 70273                      /usr/lib/x86_64-linux-gnu/libXinerama.so.1.0.0
7f1415290000-7f1415291000 r--p 00001000 07:00 70273                      /usr/lib/x86_64-linux-gnu/libXinerama.so.1.0.0
7f1415291000-7f1415292000 rw-p 00002000 07:00 70273                      /usr/lib/x86_64-linux-gnu/libXinerama.so.1.0.0
7f1415292000-7f1415295000 r-xp 00000000 07:00 70317                      /usr/lib/x86_64-linux-gnu/libgmodule-2.0.so.0.3000.0
7f1415295000-7f1415494000 ---p 00003000 07:00 70317                      /usr/lib/x86_64-linux-gnu/libgmodule-2.0.so.0.3000.0
7f1415494000-7f1415495000 r--p 00002000 07:00 70317                      /usr/lib/x86_64-linux-gnu/libgmodule-2.0.so.0.3000.0
7f1415495000-7f1415496000 rw-p 00003000 07:00 70317                      /usr/lib/x86_64-linux-gnu/libgmodule-2.0.so.0.3000.0
7f1415496000-7f14154c0000 r-xp 00000000 07:00 70244                      /usr/lib/x86_64-linux-gnu/libpangoft2-1.0.so.0.2903.0
7f14154c0000-7f14156bf000 ---p 0002a000 07:00 70244                      /usr/lib/x86_64-linux-gnu/libpangoft2-1.0.so.0.2903.0
7f14156bf000-7f14156c0000 r--p 00029000 07:00 70244                      /usr/lib/x86_64-linux-gnu/libpangoft2-1.0.so.0.2903.0
7f14156c0000-7f14156c1000 rw-p 0002a000 07:00 70244                      /usr/lib/x86_64-linux-gnu/libpangoft2-1.0.so.0.2903.0
7f14156c1000-7f141577a000 r-xp 00000000 07:00 70148                      /usr/lib/x86_64-linux-gnu/libcairo.so.2.11000.2
7f141577a000-7f1415979000 ---p 000b9000 07:00 70148                      /usr/lib/x86_64-linux-gnu/libcairo.so.2.11000.2
7f1415979000-7f141597b000 r--p 000b8000 07:00 70148                      /usr/lib/x86_64-linux-gnu/libcairo.so.2.11000.2
7f141597b000-7f141597c000 rw-p 000ba000 07:00 70148                      /usr/lib/x86_64-linux-gnu/libcairo.so.2.11000.2
7f141597c000-7f141597f000 rw-p 00000000 00:00 0 
7f141597f000-7f141599e000 r-xp 00000000 07:00 70282                      /usr/lib/x86_64-linux-gnu/libatk-1.0.so.0.20209.1
7f141599e000-7f1415b9e000 ---p 0001f000 07:00 70282                      /usr/lib/x86_64-linux-gnu/libatk-1.0.so.0.20209.1
7f1415b9e000-7f1415ba0000 r--p 0001f000 07:00 70282                      /usr/lib/x86_64-linux-gnu/libatk-1.0.so.0.20209.1
7f1415ba0000-7f1415ba1000 rw-p 00021000 07:00 70282                      /usr/lib/x86_64-linux-gnu/libatk-1.0.so.0.20209.1
7f1415ba1000-7f1415ba6000 r-xp 00000000 07:00 70074                      /usr/lib/x86_64-linux-gnu/libXfixes.so.3.1.0
7f1415ba6000-7f1415da5000 ---p 00005000 07:00 70074                      /usr/lib/x86_64-linux-gnu/libXfixes.so.3.1.0
7f1415da5000-7f1415da6000 r--p 00004000 07:00 70074                      /usr/lib/x86_64-linux-gnu/libXfixes.so.3.1.0
7f1415da6000-7f1415da7000 rw-p 00005000 07:00 70074                      /usr/lib/x86_64-linux-gnu/libXfixes.so.3.1.0
7f1415da7000-7f1415db2000 r-xp 00000000 07:00 70191                      /usr/lib/x86_64-linux-gnu/libpangocairo-1.0.so.0.2903.0
7f1415db2000-7f1415fb2000 ---p 0000b000 07:00 70191                      /usr/lib/x86_64-linux-gnu/libpangocairo-1.0.so.0.2903.0
7f1415fb2000-7f1415fb3000 r--p 0000b000 07:00 70191                      /usr/lib/x86_64-linux-gnu/libpangocairo-1.0.so.0.2903.0
7f1415fb3000-7f1415fb4000 rw-p 0000c000 07:00 70191                      /usr/lib/x86_64-linux-gnu/libpangocairo-1.0.so.0.2903.0
7f1415fb4000-7f1415fcf000 r-xp 00000000 07:00 70310                      /usr/lib/x86_64-linux-gnu/libxcb.so.1.1.0
7f1415fcf000-7f14161ce000 ---p 0001b000 07:00 70310                      /usr/lib/x86_64-linux-gnu/libxcb.so.1.1.0
7f14161ce000-7f14161cf000 r--p 0001a000 07:00 70310                      /usr/lib/x86_64-linux-gnu/libxcb.so.1.1.0
7f14161cf000-7f14161d0000 rw-p 0001b000 07:00 70310                      /usr/lib/x86_64-linux-gnu/libxcb.so.1.1.0
7f14161d0000-7f141621e000 r-xp 00000000 07:00 3145744                    /usr/lib/x86_64-linux-gnu/libcups.so.2
7f141621e000-7f141641e000 ---p 0004e000 07:00 3145744                    /usr/lib/x86_64-linux-gnu/libcups.so.2
7f141641e000-7f1416422000 r--p 0004e000 07:00 3145744                    /usr/lib/x86_64-linux-gnu/libcups.so.2
7f1416422000-7f1416423000 rw-p 00052000 07:00 3145744                    /usr/lib/x86_64-linux-gnu/libcups.so.2
7f1416423000-7f1416517000 r-xp 00000000 07:00 2101                       /lib/x86_64-linux-gnu/libglib-2.0.so.0.3000.0
7f1416517000-7f1416716000 ---p 000f4000 07:00 2101                       /lib/x86_64-linux-gnu/libglib-2.0.so.0.3000.0
7f1416716000-7f1416717000 r--p 000f3000 07:00 2101                       /lib/x86_64-linux-gnu/libglib-2.0.so.0.3000.0
7f1416717000-7f1416718000 rw-p 000f4000 07:00 2101                       /lib/x86_64-linux-gnu/libglib-2.0.so.0.3000.0
7f1416718000-7f1416719000 rw-p 00000000 00:00 0 
7f1416719000-7f141671d000 r-xp 00000000 07:00 70106                      /usr/lib/x86_64-linux-gnu/libgthread-2.0.so.0.3000.0
7f141671d000-7f141691c000 ---p 00004000 07:00 70106                      /usr/lib/x86_64-linux-gnu/libgthread-2.0.so.0.3000.0
7f141691c000-7f141691d000 r--p 00003000 07:00 70106                      /usr/lib/x86_64-linux-gnu/libgthread-2.0.so.0.3000.0
7f141691d000-7f141691e000 rw-p 00004000 07:00 70106                      /usr/lib/x86_64-linux-gnu/libgthread-2.0.so.0.3000.0
7f141691e000-7f141696c000 r-xp 00000000 07:00 70430                      /usr/lib/x86_64-linux-gnu/libgobject-2.0.so.0.3000.0
7f141696c000-7f1416b6c000 ---p 0004e000 07:00 70430                      /usr/lib/x86_64-linux-gnu/libgobject-2.0.so.0.3000.0
7f1416b6c000-7f1416b6d000 r--p 0004e000 07:00 70430                      /usr/lib/x86_64-linux-gnu/libgobject-2.0.so.0.3000.0
7f1416b6d000-7f1416b6e000 rw-p 0004f000 07:00 70430                      /usr/lib/x86_64-linux-gnu/libgobject-2.0.so.0.3000.0
7f1416b6e000-7f1416b6f000 rw-p 00000000 00:00 0 
7f1416b6f000-7f1416ba3000 r-xp 00000000 07:00 70027                      /usr/lib/x86_64-linux-gnu/libfontconfig.so.1.4.4
7f1416ba3000-7f1416da3000 ---p 00034000 07:00 70027                      /usr/lib/x86_64-linux-gnu/libfontconfig.so.1.4.4
7f1416da3000-7f1416da4000 r--p 00034000 07:00 70027                      /usr/lib/x86_64-linux-gnu/libfontconfig.so.1.4.4
7f1416da4000-7f1416da5000 rw-p 00035000 07:00 70027                      /usr/lib/x86_64-linux-gnu/libfontconfig.so.1.4.4
7f1416da5000-7f1416dec000 r-xp 00000000 07:00 70375                      /usr/lib/x86_64-linux-gnu/libpango-1.0.so.0.2903.0
7f1416dec000-7f1416fec000 ---p 00047000 07:00 70375                      /usr/lib/x86_64-linux-gnu/libpango-1.0.so.0.2903.0
7f1416fec000-7f1416fee000 r--p 00047000 07:00 70375                      /usr/lib/x86_64-linux-gnu/libpango-1.0.so.0.2903.0
7f1416fee000-7f1416fef000 rw-p 00049000 07:00 70375                      /usr/lib/x86_64-linux-gnu/libpango-1.0.so.0.2903.0
7f1416fef000-7f141700d000 r-xp 00000000 07:00 70415                      /usr/lib/x86_64-linux-gnu/libgdk_pixbuf-2.0.so.0.2400.0
7f141700d000-7f141720c000 ---p 0001e000 07:00 70415                      /usr/lib/x86_64-linux-gnu/libgdk_pixbuf-2.0.so.0.2400.0
7f141720c000-7f141720d000 r--p 0001d000 07:00 70415                      /usr/lib/x86_64-linux-gnu/libgdk_pixbuf-2.0.so.0.2400.0
7f141720d000-7f141720e000 rw-p 0001e000 07:00 70415                      /usr/lib/x86_64-linux-gnu/libgdk_pixbuf-2.0.so.0.2400.0
7f141720e000-7f1417349000 r-xp 00000000 07:00 70200                      /usr/lib/x86_64-linux-gnu/libgio-2.0.so.0.3000.0
7f1417349000-7f1417548000 ---p 0013b000 07:00 70200                      /usr/lib/x86_64-linux-gnu/libgio-2.0.so.0.3000.0
7f1417548000-7f141754c000 r--p 0013a000 07:00 70200                      /usr/lib/x86_64-linux-gnu/libgio-2.0.so.0.3000.0
7f141754c000-7f141754e000 rw-p 0013e000 07:00 70200                      /usr/lib/x86_64-linux-gnu/libgio-2.0.so.0.3000.0
7f141754e000-7f1417550000 rw-p 00000000 00:00 0 
7f1417550000-7f14175fd000 r-xp 00000000 07:00 70049                      /usr/lib/x86_64-linux-gnu/libgdk-x11-2.0.so.0.2400.6
7f14175fd000-7f14177fc000 ---p 000ad000 07:00 70049                      /usr/lib/x86_64-linux-gnu/libgdk-x11-2.0.so.0.2400.6
7f14177fc000-7f1417800000 r--p 000ac000 07:00 70049                      /usr/lib/x86_64-linux-gnu/libgdk-x11-2.0.so.0.2400.6
7f1417800000-7f1417802000 rw-p 000b0000 07:00 70049                      /usr/lib/x86_64-linux-gnu/libgdk-x11-2.0.so.0.2400.6
7f1417802000-7f1417c31000 r-xp 00000000 07:00 70327                      /usr/lib/x86_64-linux-gnu/libgtk-x11-2.0.so.0.2400.6
7f1417c31000-7f1417e31000 ---p 0042f000 07:00 70327                      /usr/lib/x86_64-linux-gnu/libgtk-x11-2.0.so.0.2400.6
7f1417e31000-7f1417e38000 r--p 0042f000 07:00 70327                      /usr/lib/x86_64-linux-gnu/libgtk-x11-2.0.so.0.2400.6
7f1417e38000-7f1417e3c000 rw-p 00436000 07:00 70327                      /usr/lib/x86_64-linux-gnu/libgtk-x11-2.0.so.0.2400.6
7f1417e3c000-7f1417e3e000 rw-p 00000000 00:00 0 
7f1417e3e000-7f1417e4d000 r-xp 00000000 07:00 70325                      /usr/lib/x86_64-linux-gnu/libXi.so.6.1.0
7f1417e4d000-7f141804c000 ---p 0000f000 07:00 70325                      /usr/lib/x86_64-linux-gnu/libXi.so.6.1.0
7f141804c000-7f141804d000 r--p 0000e000 07:00 70325                      /usr/lib/x86_64-linux-gnu/libXi.so.6.1.0
7f141804d000-7f141804e000 rw-p 0000f000 07:00 70325                      /usr/lib/x86_64-linux-gnu/libXi.so.6.1.0
7f141804e000-7f1418053000 r-xp 00000000 07:00 206530                     /usr/lib/libXtst.so.6.1.0
7f1418053000-7f1418252000 ---p 00005000 07:00 206530                     /usr/lib/libXtst.so.6.1.0
7f1418252000-7f1418253000 r--p 00004000 07:00 206530                     /usr/lib/libXtst.so.6.1.0
7f1418253000-7f1418254000 rw-p 00005000 07:00 206530                     /usr/lib/libXtst.so.6.1.0
7f1418254000-7f141825d000 r-xp 00000000 07:00 70240                      /usr/lib/x86_64-linux-gnu/libXrender.so.1.3.0
7f141825d000-7f141845d000 ---p 00009000 07:00 70240                      /usr/lib/x86_64-linux-gnu/libXrender.so.1.3.0
7f141845d000-7f141845e000 r--p 00009000 07:00 70240                      /usr/lib/x86_64-linux-gnu/libXrender.so.1.3.0
7f141845e000-7f141845f000 rw-p 0000a000 07:00 70240                      /usr/lib/x86_64-linux-gnu/libXrender.so.1.3.0
7f141845f000-7f1418592000 r-xp 00000000 07:00 70298                      /usr/lib/x86_64-linux-gnu/libX11.so.6.3.0
7f1418592000-7f1418792000 ---p 00133000 07:00 70298                      /usr/lib/x86_64-linux-gnu/libX11.so.6.3.0
7f1418792000-7f1418793000 r--p 00133000 07:00 70298                      /usr/lib/x86_64-linux-gnu/libX11.so.6.3.0
7f1418793000-7f1418797000 rw-p 00134000 07:00 70298                      /usr/lib/x86_64-linux-gnu/libX11.so.6.3.0
7f1418797000-7f14187a9000 r-xp 00000000 07:00 70281                      /usr/lib/x86_64-linux-gnu/libXext.so.6.4.0
7f14187a9000-7f14189a8000 ---p 00012000 07:00 70281                      /usr/lib/x86_64-linux-gnu/libXext.so.6.4.0
7f14189a8000-7f14189a9000 r--p 00011000 07:00 70281                      /usr/lib/x86_64-linux-gnu/libXext.so.6.4.0
7f14189a9000-7f14189aa000 rw-p 00012000 07:00 70281                      /usr/lib/x86_64-linux-gnu/libXext.so.6.4.0
7f14189bf000-7f1418a11000 r-xp 00000000 07:00 861467                     /usr/lib/jvm/java-7-openjdk-amd64/jre/lib/amd64/xawt/libmawt.so
7f1418a11000-7f1418c11000 ---p 00052000 07:00 861467                     /usr/lib/jvm/java-7-openjdk-amd64/jre/lib/amd64/xawt/libmawt.so
7f1418c11000-7f1418c12000 r--p 00052000 07:00 861467                     /usr/lib/jvm/java-7-openjdk-amd64/jre/lib/amd64/xawt/libmawt.so
7f1418c12000-7f1418c15000 rw-p 00053000 07:00 861467                     /usr/lib/jvm/java-7-openjdk-amd64/jre/lib/amd64/xawt/libmawt.so
7f1418c15000-7f1418c16000 rw-p 00000000 00:00 0 
7f1418c16000-7f1418cb8000 r-xp 00000000 07:00 861346                     /usr/lib/jvm/java-7-openjdk-amd64/jre/lib/amd64/libawt.so
7f1418cb8000-7f1418eb7000 ---p 000a2000 07:00 861346                     /usr/lib/jvm/java-7-openjdk-amd64/jre/lib/amd64/libawt.so
7f1418eb7000-7f1418eb8000 r--p 000a1000 07:00 861346                     /usr/lib/jvm/java-7-openjdk-amd64/jre/lib/amd64/libawt.so
7f1418eb8000-7f1418ec3000 rw-p 000a2000 07:00 861346                     /usr/lib/jvm/java-7-openjdk-amd64/jre/lib/amd64/libawt.so
7f1418ec3000-7f1418ee8000 rw-p 00000000 00:00 0 
7f1418ee8000-7f1418ee9000 ---p 00000000 00:00 0 
7f1418ee9000-7f1418fe9000 rw-p 00000000 00:00 0 
7f1418fe9000-7f1418fec000 ---p 00000000 00:00 0 
7f1418fec000-7f14190ea000 rw-p 00000000 00:00 0 
7f14190ea000-7f14190ed000 ---p 00000000 00:00 0 
7f14190ed000-7f14191eb000 rw-p 00000000 00:00 0 
7f14191eb000-7f14191ee000 ---p 00000000 00:00 0 
7f14191ee000-7f14192ec000 rw-p 00000000 00:00 0 
7f14192ec000-7f14192ef000 ---p 00000000 00:00 0 
7f14192ef000-7f14193ed000 rw-p 00000000 00:00 0 
7f14193ed000-7f14196aa000 r--p 00000000 07:00 206848                     /usr/lib/locale/locale-archive
7f14196aa000-7f14196ad000 ---p 00000000 00:00 0 
7f14196ad000-7f14197ab000 rw-p 00000000 00:00 0 
7f14197ab000-7f14197ae000 ---p 00000000 00:00 0 
7f14197ae000-7f14198ac000 rw-p 00000000 00:00 0 
7f14198ac000-7f14198ad000 ---p 00000000 00:00 0 
7f14198ad000-7f1419d1c000 rw-p 00000000 00:00 0 
7f1419d1c000-7f1419eca000 r--s 03e77000 07:00 861357                     /usr/lib/jvm/java-7-openjdk-amd64/jre/lib/rt.jar
7f1419eca000-7f1419ef2000 rw-p 00000000 00:00 0 
7f1419ef2000-7f1419ef3000 ---p 00000000 00:00 0 
7f1419ef3000-7f1419ff3000 rw-p 00000000 00:00 0 
7f1419ff3000-7f1419ff4000 ---p 00000000 00:00 0 
7f1419ff4000-7f141a0ff000 rw-p 00000000 00:00 0 
7f141a0ff000-7f141a147000 rw-p 00000000 00:00 0 
7f141a147000-7f141a15c000 rw-p 00000000 00:00 0 
7f141a15c000-7f141a292000 rw-p 00000000 00:00 0 
7f141a292000-7f141a29d000 rw-p 00000000 00:00 0 
7f141a29d000-7f141a2e5000 rw-p 00000000 00:00 0 
7f141a2e5000-7f141a2fa000 rw-p 00000000 00:00 0 
7f141a2fa000-7f141a42f000 rw-p 00000000 00:00 0 
7f141a42f000-7f141a43a000 rw-p 00000000 00:00 0 
7f141a43a000-7f141a4d5000 rw-p 00000000 00:00 0 
7f141a4d5000-7f141a4d6000 rw-p 00000000 00:00 0 
7f141a4d6000-7f141a746000 rwxp 00000000 00:00 0 
7f141a746000-7f141d4d6000 rw-p 00000000 00:00 0 
7f141d4d6000-7f141d4de000 r-xp 00000000 07:00 861341                     /usr/lib/jvm/java-7-openjdk-amd64/jre/lib/amd64/libzip.so
7f141d4de000-7f141d6dd000 ---p 00008000 07:00 861341                     /usr/lib/jvm/java-7-openjdk-amd64/jre/lib/amd64/libzip.so
7f141d6dd000-7f141d6de000 r--p 00007000 07:00 861341                     /usr/lib/jvm/java-7-openjdk-amd64/jre/lib/amd64/libzip.so
7f141d6de000-7f141d6df000 rw-p 00008000 07:00 861341                     /usr/lib/jvm/java-7-openjdk-amd64/jre/lib/amd64/libzip.so
7f141d6df000-7f141d6eb000 r-xp 00000000 07:00 2353                       /lib/x86_64-linux-gnu/libnss_files-2.13.so
7f141d6eb000-7f141d8ea000 ---p 0000c000 07:00 2353                       /lib/x86_64-linux-gnu/libnss_files-2.13.so
7f141d8ea000-7f141d8eb000 r--p 0000b000 07:00 2353                       /lib/x86_64-linux-gnu/libnss_files-2.13.so
7f141d8eb000-7f141d8ec000 rw-p 0000c000 07:00 2353                       /lib/x86_64-linux-gnu/libnss_files-2.13.so
7f141d8ec000-7f141d8f6000 r-xp 00000000 07:00 2355                       /lib/x86_64-linux-gnu/libnss_nis-2.13.so
7f141d8f6000-7f141daf6000 ---p 0000a000 07:00 2355                       /lib/x86_64-linux-gnu/libnss_nis-2.13.so
7f141daf6000-7f141daf7000 r--p 0000a000 07:00 2355                       /lib/x86_64-linux-gnu/libnss_nis-2.13.so
7f141daf7000-7f141daf8000 rw-p 0000b000 07:00 2355                       /lib/x86_64-linux-gnu/libnss_nis-2.13.so
7f141daf8000-7f141db0f000 r-xp 00000000 07:00 2350                       /lib/x86_64-linux-gnu/libnsl-2.13.so
7f141db0f000-7f141dd0e000 ---p 00017000 07:00 2350                       /lib/x86_64-linux-gnu/libnsl-2.13.so
7f141dd0e000-7f141dd0f000 r--p 00016000 07:00 2350                       /lib/x86_64-linux-gnu/libnsl-2.13.so
7f141dd0f000-7f141dd10000 rw-p 00017000 07:00 2350                       /lib/x86_64-linux-gnu/libnsl-2.13.so
7f141dd10000-7f141dd12000 rw-p 00000000 00:00 0 
7f141dd12000-7f141dd1a000 r-xp 00000000 07:00 2351                       /lib/x86_64-linux-gnu/libnss_compat-2.13.so
7f141dd1a000-7f141df19000 ---p 00008000 07:00 2351                       /lib/x86_64-linux-gnu/libnss_compat-2.13.so
7f141df19000-7f141df1a000 r--p 00007000 07:00 2351                       /lib/x86_64-linux-gnu/libnss_compat-2.13.so
7f141df1a000-7f141df1b000 rw-p 00008000 07:00 2351                       /lib/x86_64-linux-gnu/libnss_compat-2.13.so
7f141df1b000-7f141df44000 r-xp 00000000 07:00 861340                     /usr/lib/jvm/java-7-openjdk-amd64/jre/lib/amd64/libjava.so
7f141df44000-7f141e143000 ---p 00029000 07:00 861340                     /usr/lib/jvm/java-7-openjdk-amd64/jre/lib/amd64/libjava.so
7f141e143000-7f141e144000 r--p 00028000 07:00 861340                     /usr/lib/jvm/java-7-openjdk-amd64/jre/lib/amd64/libjava.so
7f141e144000-7f141e146000 rw-p 00029000 07:00 861340                     /usr/lib/jvm/java-7-openjdk-amd64/jre/lib/amd64/libjava.so
7f141e146000-7f141e154000 r-xp 00000000 07:00 861326                     /usr/lib/jvm/java-7-openjdk-amd64/jre/lib/amd64/libverify.so
7f141e154000-7f141e353000 ---p 0000e000 07:00 861326                     /usr/lib/jvm/java-7-openjdk-amd64/jre/lib/amd64/libverify.so
7f141e353000-7f141e355000 r--p 0000d000 07:00 861326                     /usr/lib/jvm/java-7-openjdk-amd64/jre/lib/amd64/libverify.so
7f141e355000-7f141e356000 rw-p 0000f000 07:00 861326                     /usr/lib/jvm/java-7-openjdk-amd64/jre/lib/amd64/libverify.so
7f141e356000-7f141e35d000 r-xp 00000000 07:00 2360                       /lib/x86_64-linux-gnu/librt-2.13.so
7f141e35d000-7f141e55c000 ---p 00007000 07:00 2360                       /lib/x86_64-linux-gnu/librt-2.13.so
7f141e55c000-7f141e55d000 r--p 00006000 07:00 2360                       /lib/x86_64-linux-gnu/librt-2.13.so
7f141e55d000-7f141e55e000 rw-p 00007000 07:00 2360                       /lib/x86_64-linux-gnu/librt-2.13.so
7f141e55e000-7f141e573000 r-xp 00000000 07:00 2117                       /lib/x86_64-linux-gnu/libgcc_s.so.1
7f141e573000-7f141e772000 ---p 00015000 07:00 2117                       /lib/x86_64-linux-gnu/libgcc_s.so.1
7f141e772000-7f141e773000 r--p 00014000 07:00 2117                       /lib/x86_64-linux-gnu/libgcc_s.so.1
7f141e773000-7f141e774000 rw-p 00015000 07:00 2117                       /lib/x86_64-linux-gnu/libgcc_s.so.1
7f141e774000-7f141e7f7000 r-xp 00000000 07:00 2348                       /lib/x86_64-linux-gnu/libm-2.13.so
7f141e7f7000-7f141e9f6000 ---p 00083000 07:00 2348                       /lib/x86_64-linux-gnu/libm-2.13.so
7f141e9f6000-7f141e9f7000 r--p 00082000 07:00 2348                       /lib/x86_64-linux-gnu/libm-2.13.so
7f141e9f7000-7f141e9f8000 rw-p 00083000 07:00 2348                       /lib/x86_64-linux-gnu/libm-2.13.so
7f141e9f8000-7f141eae0000 r-xp 00000000 07:00 70221                      /usr/lib/x86_64-linux-gnu/libstdc++.so.6.0.16
7f141eae0000-7f141ece0000 ---p 000e8000 07:00 70221                      /usr/lib/x86_64-linux-gnu/libstdc++.so.6.0.16
7f141ece0000-7f141ece8000 r--p 000e8000 07:00 70221                      /usr/lib/x86_64-linux-gnu/libstdc++.so.6.0.16
7f141ece8000-7f141ecea000 rw-p 000f0000 07:00 70221                      /usr/lib/x86_64-linux-gnu/libstdc++.so.6.0.16
7f141ecea000-7f141ecff000 rw-p 00000000 00:00 0 
7f141ecff000-7f141f685000 r-xp 00000000 07:00 861344                     /usr/lib/jvm/java-7-openjdk-amd64/jre/lib/amd64/server/libjvm.so
7f141f685000-7f141f885000 ---p 00986000 07:00 861344                     /usr/lib/jvm/java-7-openjdk-amd64/jre/lib/amd64/server/libjvm.so
7f141f885000-7f141f903000 r--p 00986000 07:00 861344                     /usr/lib/jvm/java-7-openjdk-amd64/jre/lib/amd64/server/libjvm.so
7f141f903000-7f141f91e000 rw-p 00a04000 07:00 861344                     /usr/lib/jvm/java-7-openjdk-amd64/jre/lib/amd64/server/libjvm.so
7f141f91e000-7f141f949000 rw-p 00000000 00:00 0 
7f141f949000-7f141f961000 r-xp 00000000 07:00 2358                       /lib/x86_64-linux-gnu/libpthread-2.13.so
7f141f961000-7f141fb60000 ---p 00018000 07:00 2358                       /lib/x86_64-linux-gnu/libpthread-2.13.so
7f141fb60000-7f141fb61000 r--p 00017000 07:00 2358                       /lib/x86_64-linux-gnu/libpthread-2.13.so
7f141fb61000-7f141fb62000 rw-p 00018000 07:00 2358                       /lib/x86_64-linux-gnu/libpthread-2.13.so
7f141fb62000-7f141fb66000 rw-p 00000000 00:00 0 
7f141fb66000-7f141fb7d000 r-xp 00000000 07:00 2143                       /lib/x86_64-linux-gnu/libz.so.1.2.3.4
7f141fb7d000-7f141fd7c000 ---p 00017000 07:00 2143                       /lib/x86_64-linux-gnu/libz.so.1.2.3.4
7f141fd7c000-7f141fd7d000 r--p 00016000 07:00 2143                       /lib/x86_64-linux-gnu/libz.so.1.2.3.4
7f141fd7d000-7f141fd7e000 rw-p 00017000 07:00 2143                       /lib/x86_64-linux-gnu/libz.so.1.2.3.4
7f141fd7e000-7f141fd80000 r-xp 00000000 07:00 2347                       /lib/x86_64-linux-gnu/libdl-2.13.so
7f141fd80000-7f141ff80000 ---p 00002000 07:00 2347                       /lib/x86_64-linux-gnu/libdl-2.13.so
7f141ff80000-7f141ff81000 r--p 00002000 07:00 2347                       /lib/x86_64-linux-gnu/libdl-2.13.so
7f141ff81000-7f141ff82000 rw-p 00003000 07:00 2347                       /lib/x86_64-linux-gnu/libdl-2.13.so
7f141ff82000-7f1420119000 r-xp 00000000 07:00 2180                       /lib/x86_64-linux-gnu/libc-2.13.so
7f1420119000-7f1420318000 ---p 00197000 07:00 2180                       /lib/x86_64-linux-gnu/libc-2.13.so
7f1420318000-7f142031c000 r--p 00196000 07:00 2180                       /lib/x86_64-linux-gnu/libc-2.13.so
7f142031c000-7f142031d000 rw-p 0019a000 07:00 2180                       /lib/x86_64-linux-gnu/libc-2.13.so
7f142031d000-7f1420323000 rw-p 00000000 00:00 0 
7f1420323000-7f142032f000 r-xp 00000000 07:00 861324                     /usr/lib/jvm/java-7-openjdk-amd64/jre/lib/amd64/jli/libjli.so
7f142032f000-7f142052e000 ---p 0000c000 07:00 861324                     /usr/lib/jvm/java-7-openjdk-amd64/jre/lib/amd64/jli/libjli.so
7f142052e000-7f142052f000 r--p 0000b000 07:00 861324                     /usr/lib/jvm/java-7-openjdk-amd64/jre/lib/amd64/jli/libjli.so
7f142052f000-7f1420530000 rw-p 0000c000 07:00 861324                     /usr/lib/jvm/java-7-openjdk-amd64/jre/lib/amd64/jli/libjli.so
7f1420530000-7f1420551000 r-xp 00000000 07:00 2128                       /lib/x86_64-linux-gnu/ld-2.13.so
7f1420556000-7f142055d000 r--s 00000000 07:00 1919024                    /usr/lib/x86_64-linux-gnu/gconv/gconv-modules.cache
7f142055d000-7f1420566000 r--s 00263000 07:00 861251                     /usr/lib/jvm/java-7-openjdk-common/jre/lib/resources.jar
7f1420566000-7f1420569000 r--s 00032000 07:00 861235                     /usr/lib/jvm/java-7-openjdk-common/jre/lib/ext/sunjce_provider.jar
7f1420569000-7f1420571000 r--s 00066000 07:00 827510                     /usr/share/java/gnome-java-bridge.jar
7f1420571000-7f1420573000 r--s 00012000 07:00 861236                     /usr/lib/jvm/java-7-openjdk-common/jre/lib/ext/zipfs.jar
7f1420573000-7f142057d000 rw-p 00000000 00:00 0 
7f142057d000-7f1420633000 rw-p 00000000 00:00 0 
7f1420633000-7f1420636000 ---p 00000000 00:00 0 
7f1420636000-7f1420739000 rw-p 00000000 00:00 0 
7f1420739000-7f142073a000 r--p 00000000 00:00 0 
7f142073a000-7f142073d000 r--s 0000f000 07:00 861237                     /usr/lib/jvm/java-7-openjdk-common/jre/lib/ext/pulse-java.jar
7f142073d000-7f1420740000 r--s 0003c000 07:00 861232                     /usr/lib/jvm/java-7-openjdk-common/jre/lib/ext/sunpkcs11.jar
7f1420740000-7f1420743000 r--s 00085000 07:00 861234                     /usr/lib/jvm/java-7-openjdk-common/jre/lib/ext/localedata.jar
7f1420743000-7f1420744000 r--s 00002000 07:00 861233                     /usr/lib/jvm/java-7-openjdk-common/jre/lib/ext/dnsns.jar
7f1420744000-7f142074c000 rw-s 00000000 07:00 453784                     /tmp/hsperfdata_mathias/4389
7f142074c000-7f142074d000 rw-p 00000000 00:00 0 
7f142074d000-7f142074e000 r--p 00000000 00:00 0 
7f142074e000-7f1420750000 rw-p 00000000 00:00 0 
7f1420750000-7f1420751000 r--p 00020000 07:00 2128                       /lib/x86_64-linux-gnu/ld-2.13.so
7f1420751000-7f1420753000 rw-p 00021000 07:00 2128                       /lib/x86_64-linux-gnu/ld-2.13.so
7fff5d541000-7fff5d562000 rw-p 00000000 00:00 0                          [stack]
7fff5d5e5000-7fff5d5e6000 r-xp 00000000 00:00 0                          [vdso]
ffffffffff600000-ffffffffff601000 r-xp 00000000 00:00 0                  [vsyscall]

VM Arguments:
jvm_args: -Dfile.encoding=UTF-8 
java_command: yggdrasil.Yggdrasil
Launcher Type: SUN_STANDARD

Environment Variables:
PATH=/usr/lib/lightdm/lightdm:/usr/local/sbin:/usr/local/bin:/usr/sbin:/usr/bin:/sbin:/bin:/usr/games
USERNAME=mathias
SHELL=/bin/bash
DISPLAY=:0

Signal Handlers:
SIGSEGV: [libjvm.so+0x7fca30], sa_mask[0]=0x7ffbfeff, sa_flags=0x10000004
SIGBUS: [libjvm.so+0x7fca30], sa_mask[0]=0x7ffbfeff, sa_flags=0x10000004
SIGFPE: [libjvm.so+0x6a1150], sa_mask[0]=0x7ffbfeff, sa_flags=0x10000004
SIGPIPE: [libjvm.so+0x6a1150], sa_mask[0]=0x7ffbfeff, sa_flags=0x10000004
SIGXFSZ: [libjvm.so+0x6a1150], sa_mask[0]=0x7ffbfeff, sa_flags=0x10000004
SIGILL: [libjvm.so+0x6a1150], sa_mask[0]=0x7ffbfeff, sa_flags=0x10000004
SIGUSR1: SIG_DFL, sa_mask[0]=0x00000000, sa_flags=0x00000000
SIGUSR2: [libjvm.so+0x6a1520], sa_mask[0]=0x00000004, sa_flags=0x10000004
SIGHUP: [libjvm.so+0x6a1660], sa_mask[0]=0x7ffbfeff, sa_flags=0x10000004
SIGINT: SIG_IGN, sa_mask[0]=0x00000000, sa_flags=0x00000000
SIGTERM: [libjvm.so+0x6a1660], sa_mask[0]=0x7ffbfeff, sa_flags=0x10000004
SIGQUIT: [libjvm.so+0x6a1660], sa_mask[0]=0x7ffbfeff, sa_flags=0x10000004


---------------  S Y S T E M  ---------------

OS:Ubuntu 11.10 (oneiric)
uname:Linux 3.0.0-17-generic #30-Ubuntu SMP Thu Mar 8 20:45:39 UTC 2012 x86_64
libc:glibc 2.13 NPTL 2.13 
rlimit: STACK 8192k, CORE 0k, NPROC 31550, NOFILE 4096, AS infinity
load average:0,12 0,27 0,21

/proc/meminfo:
MemTotal:        4056480 kB
MemFree:         1143340 kB
Buffers:          530408 kB
Cached:           572960 kB
SwapCached:        18076 kB
Active:          1078768 kB
Inactive:        1609876 kB
Active(anon):     947360 kB
Inactive(anon):   646712 kB
Active(file):     131408 kB
Inactive(file):   963164 kB
Unevictable:        2564 kB
Mlocked:              16 kB
SwapTotal:        262140 kB
SwapFree:         172524 kB
Dirty:               700 kB
Writeback:             0 kB
AnonPages:       1575264 kB
Mapped:            85908 kB
Shmem:              5972 kB
Slab:              79344 kB
SReclaimable:      54556 kB
SUnreclaim:        24788 kB
KernelStack:        3232 kB
PageTables:        27540 kB
NFS_Unstable:          0 kB
Bounce:                0 kB
WritebackTmp:          0 kB
CommitLimit:     2290380 kB
Committed_AS:    3857084 kB
VmallocTotal:   34359738367 kB
VmallocUsed:      112504 kB
VmallocChunk:   34359621116 kB
HardwareCorrupted:     0 kB
AnonHugePages:         0 kB
HugePages_Total:       0
HugePages_Free:        0
HugePages_Rsvd:        0
HugePages_Surp:        0
Hugepagesize:       2048 kB
DirectMap4k:      171680 kB
DirectMap2M:     4022272 kB


CPU:total 2 (2 cores per cpu, 1 threads per core) family 6 model 23 stepping 10, cmov, cx8, fxsr, mmx, sse, sse2, sse3, ssse3

Memory: 4k page, physical 4056480k(1143340k free), swap 262140k(172524k free)

vm_info: OpenJDK 64-Bit Server VM (21.0-b17) for linux-amd64 JRE (1.7.0_147-b147), built on Oct 21 2011 22:21:29 by "buildd" with gcc 4.6.1

time: Thu Apr 19 16:51:57 2012
elapsed time: 1 seconds

